<?xml version="1.0" encoding="UTF-8"?>
<!-- Generated by org.testng.reporters.JUnitReportReporter -->
<testsuite hostname="DESKTOP-N1VIHBO" failures="0" tests="1" name="com.obsqura.scripts.UsersPageTest" time="23.844" errors="0" timestamp="2023-02-23T21:25:45 IST" skipped="0">
  <testcase classname="com.obsqura.scripts.UsersPageTest" name="loadUsersPage" time="23.844"/>
  <system-out/>
</testsuite> <!-- com.obsqura.scripts.UsersPageTest -->
