<?xml version="1.0" encoding="UTF-8"?>
<!-- Generated by org.testng.reporters.JUnitReportReporter -->
<testsuite hostname="DESKTOP-N1VIHBO" failures="0" tests="3" name="com.obsqura.scripts.ContactsPageTest" time="25.942" errors="0" timestamp="2023-03-05T21:29:52 IST" skipped="0">
  <testcase classname="com.obsqura.scripts.ContactsPageTest" name="isSupplierAddedWithoutFillingOneMandatoryField" time="9.107"/>
  <system-out/>
  <testcase classname="com.obsqura.scripts.ContactsPageTest" name="isSupplierAddedByFillingOnlyMandatoryField" time="9.479"/>
  <system-out/>
  <testcase classname="com.obsqura.scripts.ContactsPageTest" name="importContacts" time="7.356"/>
  <system-out/>
</testsuite> <!-- com.obsqura.scripts.ContactsPageTest -->
