<?xml version="1.0" encoding="UTF-8"?>
<!-- Generated by org.testng.reporters.JUnitReportReporter -->
<testsuite hostname="DESKTOP-N1VIHBO" failures="0" tests="3" name="com.obsqura.scripts.HomePageTest" time="4.991" errors="0" timestamp="2023-03-03T20:20:44 IST" skipped="0">
  <testcase classname="com.obsqura.scripts.HomePageTest" name="checkHomePageLoaded" time="4.909"/>
  <system-out/>
  <testcase classname="com.obsqura.scripts.HomePageTest" name="profileTitleTest" time="0.014"/>
  <system-out/>
  <testcase classname="com.obsqura.scripts.HomePageTest" name="welcomeNoteTest" time="0.068"/>
  <system-out/>
</testsuite> <!-- com.obsqura.scripts.HomePageTest -->
