<?xml version="1.0" encoding="UTF-8"?>
<!-- Generated by org.testng.reporters.JUnitReportReporter -->
<testsuite hostname="DESKTOP-N1VIHBO" failures="0" tests="1" name="com.obsqura.scripts.RolesPageTest" time="23.469" errors="0" timestamp="2023-02-21T23:20:28 IST" skipped="0">
  <testcase classname="com.obsqura.scripts.RolesPageTest" name="loadRolesPage" time="23.469"/>
  <system-out/>
</testsuite> <!-- com.obsqura.scripts.RolesPageTest -->
