<?xml version="1.0" encoding="UTF-8"?>
<!-- Generated by org.testng.reporters.JUnitReportReporter -->
<testsuite hostname="DESKTOP-N1VIHBO" failures="0" tests="7" name="com.obsqura.scripts.UserManagmentPageTest" time="71.142" errors="0" timestamp="2023-03-04T13:08:36 IST" skipped="0">
  <testcase classname="com.obsqura.scripts.UserManagmentPageTest" name="invalidUserEmail" time="21.389"/>
  <system-out/>
  <testcase classname="com.obsqura.scripts.UserManagmentPageTest" name="invalidpassword_user" time="4.387"/>
  <system-out/>
  <testcase classname="com.obsqura.scripts.UserManagmentPageTest" name="invalidConfirmpassword_user" time="4.455"/>
  <system-out/>
  <testcase classname="com.obsqura.scripts.UserManagmentPageTest" name="addNewUserInUserManagment" time="9.041"/>
  <system-out/>
  <testcase classname="com.obsqura.scripts.UserManagmentPageTest" name="searchByUsernameAndExportDataToCsv" time="4.799"/>
  <system-out/>
  <testcase classname="com.obsqura.scripts.UserManagmentPageTest" name="user_viewuser" time="16.696"/>
  <system-out/>
  <testcase classname="com.obsqura.scripts.UserManagmentPageTest" name="user_deleteuser" time="10.375"/>
  <system-out/>
</testsuite> <!-- com.obsqura.scripts.UserManagmentPageTest -->
