<?xml version="1.0" encoding="UTF-8"?>
<!-- Generated by org.testng.reporters.JUnitReportReporter -->
<testsuite hostname="DESKTOP-N1VIHBO" failures="0" tests="2" name="com.obsqura.scripts.PaymentAccountsPageTest" time="12.563" errors="0" timestamp="2023-03-05T21:21:56 IST" skipped="0">
  <testcase classname="com.obsqura.scripts.PaymentAccountsPageTest" name="verifyTitle" time="7.615"/>
  <system-out/>
  <testcase classname="com.obsqura.scripts.PaymentAccountsPageTest" name="verifyNewAccountCreation" time="4.948"/>
  <system-out/>
</testsuite> <!-- com.obsqura.scripts.PaymentAccountsPageTest -->
