<?xml version="1.0" encoding="UTF-8"?>
<!-- Generated by org.testng.reporters.JUnitReportReporter -->
<testsuite hostname="DESKTOP-N1VIHBO" failures="0" tests="1" name="com.obsqura.scripts.ProductPageTest" time="19.487" errors="0" timestamp="2023-03-04T14:22:17 IST" skipped="0">
  <testcase classname="com.obsqura.scripts.ProductPageTest" name="addproduct" time="19.487"/>
  <system-out/>
</testsuite> <!-- com.obsqura.scripts.ProductPageTest -->
