<?xml version="1.0" encoding="UTF-8"?>
<!-- Generated by org.testng.reporters.JUnitReportReporter -->
<testsuite hostname="DESKTOP-N1VIHBO" failures="0" tests="1" name="com.obsqura.scripts.TestHelper" time="0.005" errors="0" timestamp="2023-02-13T21:56:54 IST" skipped="0">
  <testcase classname="com.obsqura.scripts.TestHelper" name="f" time="0.005"/>
  <system-out/>
</testsuite> <!-- com.obsqura.scripts.TestHelper -->
