<?xml version="1.0" encoding="UTF-8"?>
<!-- Generated by org.testng.reporters.JUnitReportReporter -->
<testsuite hostname="DESKTOP-N1VIHBO" failures="0" tests="1" name="com.obsqura.scripts.SalesCommissionAgentsPageTest" time="14.533" errors="0" timestamp="2023-02-22T12:41:12 IST" skipped="0">
  <testcase classname="com.obsqura.scripts.SalesCommissionAgentsPageTest" name="loadSalesCommissionAgentsPage" time="14.533"/>
  <system-out/>
</testsuite> <!-- com.obsqura.scripts.SalesCommissionAgentsPageTest -->
