<?xml version="1.0" encoding="UTF-8"?>
<!-- Generated by org.testng.reporters.JUnitReportReporter -->
<testsuite hostname="DESKTOP-N1VIHBO" failures="0" tests="5" name="com.obsqura.scripts.LoginPageTest" time="12.247" errors="0" timestamp="2023-03-05T21:43:10 IST" skipped="0">
  <testcase classname="com.obsqura.scripts.LoginPageTest" name="invalidUsernameLogin" time="1.373"/>
  <system-out/>
  <testcase classname="com.obsqura.scripts.LoginPageTest" name="invalidPasswordLogin" time="2.026"/>
  <system-out/>
  <testcase classname="com.obsqura.scripts.LoginPageTest" name="invalidUsernamePasswordLogin" time="2.073"/>
  <system-out/>
  <testcase classname="com.obsqura.scripts.LoginPageTest" name="validLogin" time="5.530"/>
  <system-out/>
  <testcase classname="com.obsqura.scripts.LoginPageTest" name="checkSignOut" time="1.245"/>
  <system-out/>
</testsuite> <!-- com.obsqura.scripts.LoginPageTest -->
